  name: "acc_top1"
  top: "acc_top1"
  accuracy_param {
  name: "acc_top5"
  top: "acc_top5"
  accuracy_param {
I1220 11:35:51.480818  9728 layer_factory.hpp:77] Creating layer acc_top1
I1220 11:35:51.480834  9728 net.cpp:84] Creating Layer acc_top1
I1220 11:35:51.480841  9728 net.cpp:406] acc_top1 <- quantized_fc8_quantized_fc8_0_split_2
I1220 11:35:51.480849  9728 net.cpp:406] acc_top1 <- label_data_1_split_1
I1220 11:35:51.480859  9728 net.cpp:380] acc_top1 -> acc_top1
I1220 11:35:51.480875  9728 net.cpp:122] Setting up acc_top1
I1220 11:35:51.480896  9728 layer_factory.hpp:77] Creating layer acc_top5
I1220 11:35:51.480906  9728 net.cpp:84] Creating Layer acc_top5
I1220 11:35:51.480912  9728 net.cpp:406] acc_top5 <- quantized_fc8_quantized_fc8_0_split_3
I1220 11:35:51.480921  9728 net.cpp:406] acc_top5 <- label_data_1_split_2
I1220 11:35:51.480931  9728 net.cpp:380] acc_top5 -> acc_top5
I1220 11:35:51.480942  9728 net.cpp:122] Setting up acc_top5
I1220 11:35:51.480963  9728 net.cpp:200] acc_top5 does not need backward computation.
I1220 11:35:51.480970  9728 net.cpp:200] acc_top1 does not need backward computation.
I1220 11:35:51.481333  9728 net.cpp:242] This network produces output acc_top1
I1220 11:35:51.481339  9728 net.cpp:242] This network produces output acc_top5
acc:::::-0.00121359
acc:::::-0.00121359
acc:::::-0.00121359
acc:::::-0.00121359
acc:::::-0.00121359
acc:::::-0.00121359
acc:::::-0.00121359
acc:::::-0.00121359
acc:::::-0.00121359
acc:::::-0.00121359
acc:::::-0.0111258
acc:::::-0.0111258
acc:::::-0.0111258
acc:::::-0.0111258
acc:::::-0.0111258
acc:::::-0.0111258
acc:::::-0.0111258
acc:::::-0.0111258
acc:::::-0.0111258
acc:::::-0.0111258
acc:::::-0.000527019
acc:::::-0.000527019
acc:::::-0.000527019
acc:::::-0.000527019
acc:::::-0.000527019
acc:::::-0.000527019
acc:::::-0.000527019
acc:::::-0.000527019
acc:::::-0.000527019
acc:::::-0.000527019
acc:::::0.00378311
acc:::::0.00378311
acc:::::0.00378311
acc:::::0.00378311
acc:::::0.00378311
acc:::::0.00378311
acc:::::0.00378311
acc:::::0.00378311
acc:::::0.00378311
acc:::::0.00378311
acc:::::-0.0134502
acc:::::-0.0134502
acc:::::-0.0134502
acc:::::-0.0134502
acc:::::-0.0134502
acc:::::-0.0134502
acc:::::-0.0134502
acc:::::-0.0134502
acc:::::-0.0134502
acc:::::-0.0134502
I1220 11:35:58.590979  9728 caffe.cpp:313] Batch 0, acc_top1 = 0.42
I1220 11:35:58.591051  9728 caffe.cpp:313] Batch 0, acc_top5 = 0.74
acc:::::-0.00121359
acc:::::-0.00121359
acc:::::-0.00121359
acc:::::-0.00121359
acc:::::-0.00121359
acc:::::-0.00121359
acc:::::-0.00121359
acc:::::-0.00121359
acc:::::-0.00121359
acc:::::-0.00121359
acc:::::-0.0111258
acc:::::-0.0111258
acc:::::-0.0111258
acc:::::-0.0111258
acc:::::-0.0111258
acc:::::-0.0111258
acc:::::-0.0111258
acc:::::-0.0111258
acc:::::-0.0111258
acc:::::-0.0111258
acc:::::-0.000527019
acc:::::-0.000527019
acc:::::-0.000527019
acc:::::-0.000527019
acc:::::-0.000527019
acc:::::-0.000527019
acc:::::-0.000527019
acc:::::-0.000527019
acc:::::-0.000527019
acc:::::-0.000527019
acc:::::0.00378311
acc:::::0.00378311
acc:::::0.00378311
acc:::::0.00378311
acc:::::0.00378311
acc:::::0.00378311
acc:::::0.00378311
acc:::::0.00378311
acc:::::0.00378311
acc:::::0.00378311
acc:::::-0.0134502
acc:::::-0.0134502
acc:::::-0.0134502
acc:::::-0.0134502
acc:::::-0.0134502
acc:::::-0.0134502
acc:::::-0.0134502
acc:::::-0.0134502
acc:::::-0.0134502
acc:::::-0.0134502
I1220 11:36:05.254349  9728 caffe.cpp:313] Batch 1, acc_top1 = 0.56
I1220 11:36:05.254426  9728 caffe.cpp:313] Batch 1, acc_top5 = 0.82
acc:::::-0.00121359
acc:::::-0.00121359
acc:::::-0.00121359
acc:::::-0.00121359
acc:::::-0.00121359
acc:::::-0.00121359
acc:::::-0.00121359
acc:::::-0.00121359
acc:::::-0.00121359
acc:::::-0.00121359
acc:::::-0.0111258
acc:::::-0.0111258
acc:::::-0.0111258
acc:::::-0.0111258
acc:::::-0.0111258
acc:::::-0.0111258
acc:::::-0.0111258
acc:::::-0.0111258
acc:::::-0.0111258
acc:::::-0.0111258
acc:::::-0.000527019
acc:::::-0.000527019
acc:::::-0.000527019
acc:::::-0.000527019
acc:::::-0.000527019
acc:::::-0.000527019
acc:::::-0.000527019
acc:::::-0.000527019
acc:::::-0.000527019
acc:::::-0.000527019
acc:::::0.00378311
acc:::::0.00378311
acc:::::0.00378311
acc:::::0.00378311
acc:::::0.00378311
acc:::::0.00378311
acc:::::0.00378311
acc:::::0.00378311
acc:::::0.00378311
acc:::::0.00378311
acc:::::-0.0134502
acc:::::-0.0134502
acc:::::-0.0134502
acc:::::-0.0134502
acc:::::-0.0134502
acc:::::-0.0134502
acc:::::-0.0134502
acc:::::-0.0134502
acc:::::-0.0134502
acc:::::-0.0134502
I1220 11:36:11.953193  9728 caffe.cpp:313] Batch 2, acc_top1 = 0.58
I1220 11:36:11.953267  9728 caffe.cpp:313] Batch 2, acc_top5 = 0.92
acc:::::-0.00121359
acc:::::-0.00121359
acc:::::-0.00121359
acc:::::-0.00121359
acc:::::-0.00121359
acc:::::-0.00121359
acc:::::-0.00121359
acc:::::-0.00121359
acc:::::-0.00121359
acc:::::-0.00121359
acc:::::-0.0111258
acc:::::-0.0111258
acc:::::-0.0111258
acc:::::-0.0111258
acc:::::-0.0111258
acc:::::-0.0111258
acc:::::-0.0111258
acc:::::-0.0111258
acc:::::-0.0111258
acc:::::-0.0111258
acc:::::-0.000527019
acc:::::-0.000527019
acc:::::-0.000527019
acc:::::-0.000527019
acc:::::-0.000527019
acc:::::-0.000527019
acc:::::-0.000527019
acc:::::-0.000527019
acc:::::-0.000527019
acc:::::-0.000527019
acc:::::0.00378311
acc:::::0.00378311
acc:::::0.00378311
acc:::::0.00378311
acc:::::0.00378311
acc:::::0.00378311
acc:::::0.00378311
acc:::::0.00378311
acc:::::0.00378311
acc:::::0.00378311
acc:::::-0.0134502
acc:::::-0.0134502
acc:::::-0.0134502
acc:::::-0.0134502
acc:::::-0.0134502
acc:::::-0.0134502
acc:::::-0.0134502
acc:::::-0.0134502
acc:::::-0.0134502
acc:::::-0.0134502
I1220 11:36:18.671286  9728 caffe.cpp:313] Batch 3, acc_top1 = 0.44
I1220 11:36:18.671357  9728 caffe.cpp:313] Batch 3, acc_top5 = 0.64
acc:::::-0.00121359
acc:::::-0.00121359
acc:::::-0.00121359
acc:::::-0.00121359
acc:::::-0.00121359
acc:::::-0.00121359
acc:::::-0.00121359
acc:::::-0.00121359
acc:::::-0.00121359
acc:::::-0.00121359
acc:::::-0.0111258
acc:::::-0.0111258
acc:::::-0.0111258
acc:::::-0.0111258
acc:::::-0.0111258
acc:::::-0.0111258
acc:::::-0.0111258
acc:::::-0.0111258
acc:::::-0.0111258
acc:::::-0.0111258
acc:::::-0.000527019
acc:::::-0.000527019
acc:::::-0.000527019
acc:::::-0.000527019
acc:::::-0.000527019
acc:::::-0.000527019
acc:::::-0.000527019
acc:::::-0.000527019
acc:::::-0.000527019
acc:::::-0.000527019
acc:::::0.00378311
acc:::::0.00378311
acc:::::0.00378311
acc:::::0.00378311
acc:::::0.00378311
acc:::::0.00378311
acc:::::0.00378311
acc:::::0.00378311
acc:::::0.00378311
acc:::::0.00378311
acc:::::-0.0134502
acc:::::-0.0134502
acc:::::-0.0134502
acc:::::-0.0134502
acc:::::-0.0134502
acc:::::-0.0134502
acc:::::-0.0134502
acc:::::-0.0134502
acc:::::-0.0134502
acc:::::-0.0134502
I1220 11:36:25.355252  9728 caffe.cpp:313] Batch 4, acc_top1 = 0.52
I1220 11:36:25.355321  9728 caffe.cpp:313] Batch 4, acc_top5 = 0.72
I1220 11:36:25.763761  9728 caffe.cpp:330] acc_top1 = 0.504
I1220 11:36:25.763777  9728 caffe.cpp:330] acc_top5 = 0.768
